<?xml version="1.0" encoding="UTF-8"?>
<!-- Generated by org.testng.reporters.JUnitXMLReporter -->
<testsuite hostname="DESKTOP-9P1MDVM" ignored="1" name="Test(failed)" tests="1" failures="0" timestamp="10 Mar 2021 18:54:28 GMT" time="9.004" errors="0">
  <testcase name="@BeforeMethod openApp" time="8.697" classname="generics.BaseTest">
    <failure type="org.openqa.selenium.SessionNotCreatedException" message="session not created: This version of ChromeDriver only supports Chrome version 85
Build info: version: &amp;apos;3.11.0&amp;apos;, revision: &amp;apos;e59cfb3&amp;apos;, time: &amp;apos;2018-03-11T20:33:15.31Z&amp;apos;
System info: host: &amp;apos;DESKTOP-9P1MDVM&amp;apos;, ip: &amp;apos;192.168.44.87&amp;apos;, os.name: &amp;apos;Windows 10&amp;apos;, os.arch: &amp;apos;amd64&amp;apos;, os.version: &amp;apos;10.0&amp;apos;, java.version: &amp;apos;1.8.0_231&amp;apos;
Driver info: driver.version: ChromeDriver
remote stacktrace: Backtrace:
	Ordinal0 [0x005ED383+3134339]
	Ordinal0 [0x004DA171+2007409]
	Ordinal0 [0x0037AEE8+569064]
	Ordinal0 [0x0030139F+70559]
	Ordinal0 [0x002FCC63+52323]
	Ordinal0 [0x00320DFC+200188]
	Ordinal0 [0x00320C1D+199709]
	Ordinal0 [0x0031EB0B+191243]
	Ordinal0 [0x00302E77+77431]
	Ordinal0 [0x00303E3E+81470]
	Ordinal0 [0x00303DC9+81353]
	Ordinal0 [0x004F0CD9+2100441]
	GetHandleVerifier [0x0075B75A+1396954]
	GetHandleVerifier [0x0075B3D9+1396057]
	GetHandleVerifier [0x00767126+1444518]
	GetHandleVerifier [0x0075BCE8+1398376]
	Ordinal0 [0x004E7F51+2064209]
	Ordinal0 [0x004F22EB+2106091]
	Ordinal0 [0x004F2411+2106385]
	Ordinal0 [0x005049C4+2181572]
	BaseThreadInitThunk [0x75A36359+25]
	RtlGetAppContainerNamedObjectPath [0x76FB8944+228]
	RtlGetAppContainerNamedObjectPath [0x76FB8914+180]
">
      <![CDATA[org.openqa.selenium.SessionNotCreatedException: session not created: This version of ChromeDriver only supports Chrome version 85
Build info: version: '3.11.0', revision: 'e59cfb3', time: '2018-03-11T20:33:15.31Z'
System info: host: 'DESKTOP-9P1MDVM', ip: '192.168.44.87', os.name: 'Windows 10', os.arch: 'amd64', os.version: '10.0', java.version: '1.8.0_231'
Driver info: driver.version: ChromeDriver
remote stacktrace: Backtrace:
Ordinal0 [0x005ED383+3134339]
Ordinal0 [0x004DA171+2007409]
Ordinal0 [0x0037AEE8+569064]
Ordinal0 [0x0030139F+70559]
Ordinal0 [0x002FCC63+52323]
Ordinal0 [0x00320DFC+200188]
Ordinal0 [0x00320C1D+199709]
Ordinal0 [0x0031EB0B+191243]
Ordinal0 [0x00302E77+77431]
Ordinal0 [0x00303E3E+81470]
Ordinal0 [0x00303DC9+81353]
Ordinal0 [0x004F0CD9+2100441]
GetHandleVerifier [0x0075B75A+1396954]
GetHandleVerifier [0x0075B3D9+1396057]
GetHandleVerifier [0x00767126+1444518]
GetHandleVerifier [0x0075BCE8+1398376]
Ordinal0 [0x004E7F51+2064209]
Ordinal0 [0x004F22EB+2106091]
Ordinal0 [0x004F2411+2106385]
Ordinal0 [0x005049C4+2181572]
BaseThreadInitThunk [0x75A36359+25]
RtlGetAppContainerNamedObjectPath [0x76FB8944+228]
RtlGetAppContainerNamedObjectPath [0x76FB8914+180]

at org.openqa.selenium.remote.W3CHandshakeResponse.lambda$new$0(W3CHandshakeResponse.java:57)
at org.openqa.selenium.remote.W3CHandshakeResponse.lambda$getResponseFunction$2(W3CHandshakeResponse.java:104)
at org.openqa.selenium.remote.ProtocolHandshake.lambda$createSession$0(ProtocolHandshake.java:123)
at java.util.stream.ReferencePipeline$3$1.accept(Unknown Source)
at java.util.Spliterators$ArraySpliterator.tryAdvance(Unknown Source)
at java.util.stream.ReferencePipeline.forEachWithCancel(Unknown Source)
at java.util.stream.AbstractPipeline.copyIntoWithCancel(Unknown Source)
at java.util.stream.AbstractPipeline.copyInto(Unknown Source)
at java.util.stream.AbstractPipeline.wrapAndCopyInto(Unknown Source)
at java.util.stream.FindOps$FindOp.evaluateSequential(Unknown Source)
at java.util.stream.AbstractPipeline.evaluate(Unknown Source)
at java.util.stream.ReferencePipeline.findFirst(Unknown Source)
at org.openqa.selenium.remote.ProtocolHandshake.createSession(ProtocolHandshake.java:126)
at org.openqa.selenium.remote.ProtocolHandshake.createSession(ProtocolHandshake.java:73)
at org.openqa.selenium.remote.HttpCommandExecutor.execute(HttpCommandExecutor.java:136)
at org.openqa.selenium.remote.service.DriverCommandExecutor.execute(DriverCommandExecutor.java:83)
at org.openqa.selenium.remote.RemoteWebDriver.execute(RemoteWebDriver.java:545)
at org.openqa.selenium.remote.RemoteWebDriver.startSession(RemoteWebDriver.java:209)
at org.openqa.selenium.remote.RemoteWebDriver.<init>(RemoteWebDriver.java:132)
at org.openqa.selenium.chrome.ChromeDriver.<init>(ChromeDriver.java:181)
at org.openqa.selenium.chrome.ChromeDriver.<init>(ChromeDriver.java:168)
at org.openqa.selenium.chrome.ChromeDriver.<init>(ChromeDriver.java:123)
at generics.BaseTest.openApp(BaseTest.java:18)
... Removed 32 stack frames]]>
    </failure>
  </testcase> <!-- @BeforeMethod openApp -->
  <testcase name="@AfterMethod closeApp" time="0.0" classname="generics.BaseTest">
    <skipped/>
  </testcase> <!-- @AfterMethod closeApp -->
  <testcase name="submit" time="0.0" classname="tests.TestSampleFrameWork">
    <skipped/>
  </testcase> <!-- submit -->
  <testcase name="after" time="0.0" classname="tests.TestSampleFrameWork">
    <ignored/>
  </testcase> <!-- after -->
</testsuite> <!-- Test(failed) -->
