<!DOCTYPE html PUBLIC "-//W3C//DTD XHTML 1.1//EN" "http://www.w3.org/TR/xhtml11/DTD/xhtml11.dtd">
<html xmlns="http://www.w3.org/1999/xhtml">
<head>
<meta http-equiv="content-type" content="text/html; charset=UTF-8"/>
<title>TestNG Report</title>
<style type="text/css">table {margin-bottom:10px;border-collapse:collapse;empty-cells:show}th,td {border:1px solid #009;padding:.25em .5em}th {vertical-align:bottom}td {vertical-align:top}table a {font-weight:bold}.stripe td {background-color: #E6EBF9}.num {text-align:right}.passedodd td {background-color: #3F3}.passedeven td {background-color: #0A0}.skippedodd td {background-color: #DDD}.skippedeven td {background-color: #CCC}.failedodd td,.attn {background-color: #F33}.failedeven td,.stripe .attn {background-color: #D00}.stacktrace {white-space:pre;font-family:monospace}.totop {font-size:85%;text-align:center;border-bottom:2px solid #000}.invisible {display:none}</style>
</head>
<body>
<table>
<tr><th>Test</th><th># Passed</th><th># Skipped</th><th># Failed</th><th>Time (ms)</th><th>Included Groups</th><th>Excluded Groups</th></tr>
<tr><th colspan="7">Failed suite [Suite]</th></tr>
<tr><td><a href="#t0">Test(failed)</a></td><td class="num">0</td><td class="num attn">1</td><td class="num">0</td><td class="num">9,004</td><td></td><td></td></tr>
</table>
<table id='summary'><thead><tr><th>Class</th><th>Method</th><th>Start</th><th>Time (ms)</th></tr></thead><tbody><tr><th colspan="4">Failed suite [Suite]</th></tr></tbody><tbody id="t0"><tr><th colspan="4">Test(failed) &#8212; failed (configuration methods)</th></tr><tr class="failedeven"><td rowspan="1">tests.TestSampleFrameWork</td><td><a href="#m0">openApp</a></td><td rowspan="1">1615402459742</td><td rowspan="1">8697</td></tr><tr><th colspan="4">Test(failed) &#8212; skipped (configuration methods)</th></tr><tr class="skippedeven"><td rowspan="1">tests.TestSampleFrameWork</td><td><a href="#m1">closeApp</a></td><td rowspan="1">1615402468623</td><td rowspan="1">0</td></tr><tr><th colspan="4">Test(failed) &#8212; skipped</th></tr><tr class="skippedeven"><td rowspan="1">tests.TestSampleFrameWork</td><td><a href="#m2">submit</a></td><td rowspan="1">1615402468580</td><td rowspan="1">0</td></tr></tbody>
</table>
<h2>Test(failed)</h2><h3 id="m0">tests.TestSampleFrameWork#openApp</h3><table class="result"><tr><th>Exception</th></tr><tr><td><div class="stacktrace">org.openqa.selenium.SessionNotCreatedException: session not created: This version of ChromeDriver only supports Chrome version 85
Build info: version: &apos;3.11.0&apos;, revision: &apos;e59cfb3&apos;, time: &apos;2018-03-11T20:33:15.31Z&apos;
System info: host: &apos;DESKTOP-9P1MDVM&apos;, ip: &apos;192.168.44.87&apos;, os.name: &apos;Windows 10&apos;, os.arch: &apos;amd64&apos;, os.version: &apos;10.0&apos;, java.version: &apos;1.8.0_231&apos;
Driver info: driver.version: ChromeDriver
remote stacktrace: Backtrace:
	Ordinal0 [0x005ED383+3134339]
	Ordinal0 [0x004DA171+2007409]
	Ordinal0 [0x0037AEE8+569064]
	Ordinal0 [0x0030139F+70559]
	Ordinal0 [0x002FCC63+52323]
	Ordinal0 [0x00320DFC+200188]
	Ordinal0 [0x00320C1D+199709]
	Ordinal0 [0x0031EB0B+191243]
	Ordinal0 [0x00302E77+77431]
	Ordinal0 [0x00303E3E+81470]
	Ordinal0 [0x00303DC9+81353]
	Ordinal0 [0x004F0CD9+2100441]
	GetHandleVerifier [0x0075B75A+1396954]
	GetHandleVerifier [0x0075B3D9+1396057]
	GetHandleVerifier [0x00767126+1444518]
	GetHandleVerifier [0x0075BCE8+1398376]
	Ordinal0 [0x004E7F51+2064209]
	Ordinal0 [0x004F22EB+2106091]
	Ordinal0 [0x004F2411+2106385]
	Ordinal0 [0x005049C4+2181572]
	BaseThreadInitThunk [0x75A36359+25]
	RtlGetAppContainerNamedObjectPath [0x76FB8944+228]
	RtlGetAppContainerNamedObjectPath [0x76FB8914+180]

	at org.openqa.selenium.remote.W3CHandshakeResponse.lambda$new$0(W3CHandshakeResponse.java:57)
	at org.openqa.selenium.remote.W3CHandshakeResponse.lambda$getResponseFunction$2(W3CHandshakeResponse.java:104)
	at org.openqa.selenium.remote.ProtocolHandshake.lambda$createSession$0(ProtocolHandshake.java:123)
	at java.util.stream.ReferencePipeline$3$1.accept(Unknown Source)
	at java.util.Spliterators$ArraySpliterator.tryAdvance(Unknown Source)
	at java.util.stream.ReferencePipeline.forEachWithCancel(Unknown Source)
	at java.util.stream.AbstractPipeline.copyIntoWithCancel(Unknown Source)
	at java.util.stream.AbstractPipeline.copyInto(Unknown Source)
	at java.util.stream.AbstractPipeline.wrapAndCopyInto(Unknown Source)
	at java.util.stream.FindOps$FindOp.evaluateSequential(Unknown Source)
	at java.util.stream.AbstractPipeline.evaluate(Unknown Source)
	at java.util.stream.ReferencePipeline.findFirst(Unknown Source)
	at org.openqa.selenium.remote.ProtocolHandshake.createSession(ProtocolHandshake.java:126)
	at org.openqa.selenium.remote.ProtocolHandshake.createSession(ProtocolHandshake.java:73)
	at org.openqa.selenium.remote.HttpCommandExecutor.execute(HttpCommandExecutor.java:136)
	at org.openqa.selenium.remote.service.DriverCommandExecutor.execute(DriverCommandExecutor.java:83)
	at org.openqa.selenium.remote.RemoteWebDriver.execute(RemoteWebDriver.java:545)
	at org.openqa.selenium.remote.RemoteWebDriver.startSession(RemoteWebDriver.java:209)
	at org.openqa.selenium.remote.RemoteWebDriver.&lt;init&gt;(RemoteWebDriver.java:132)
	at org.openqa.selenium.chrome.ChromeDriver.&lt;init&gt;(ChromeDriver.java:181)
	at org.openqa.selenium.chrome.ChromeDriver.&lt;init&gt;(ChromeDriver.java:168)
	at org.openqa.selenium.chrome.ChromeDriver.&lt;init&gt;(ChromeDriver.java:123)
	at generics.BaseTest.openApp(BaseTest.java:18)
... Removed 32 stack frames</div></td></tr></table><p class="totop"><a href="#summary">back to summary</a></p>
<h3 id="m1">tests.TestSampleFrameWork#closeApp</h3><table class="result"><tr><th class="invisible"/></tr></table><p class="totop"><a href="#summary">back to summary</a></p>
<h3 id="m2">tests.TestSampleFrameWork#submit</h3><table class="result"><tr><th>Exception</th></tr><tr><td><div class="stacktrace">org.openqa.selenium.SessionNotCreatedException: session not created: This version of ChromeDriver only supports Chrome version 85
Build info: version: &apos;3.11.0&apos;, revision: &apos;e59cfb3&apos;, time: &apos;2018-03-11T20:33:15.31Z&apos;
System info: host: &apos;DESKTOP-9P1MDVM&apos;, ip: &apos;192.168.44.87&apos;, os.name: &apos;Windows 10&apos;, os.arch: &apos;amd64&apos;, os.version: &apos;10.0&apos;, java.version: &apos;1.8.0_231&apos;
Driver info: driver.version: ChromeDriver
remote stacktrace: Backtrace:
	Ordinal0 [0x005ED383+3134339]
	Ordinal0 [0x004DA171+2007409]
	Ordinal0 [0x0037AEE8+569064]
	Ordinal0 [0x0030139F+70559]
	Ordinal0 [0x002FCC63+52323]
	Ordinal0 [0x00320DFC+200188]
	Ordinal0 [0x00320C1D+199709]
	Ordinal0 [0x0031EB0B+191243]
	Ordinal0 [0x00302E77+77431]
	Ordinal0 [0x00303E3E+81470]
	Ordinal0 [0x00303DC9+81353]
	Ordinal0 [0x004F0CD9+2100441]
	GetHandleVerifier [0x0075B75A+1396954]
	GetHandleVerifier [0x0075B3D9+1396057]
	GetHandleVerifier [0x00767126+1444518]
	GetHandleVerifier [0x0075BCE8+1398376]
	Ordinal0 [0x004E7F51+2064209]
	Ordinal0 [0x004F22EB+2106091]
	Ordinal0 [0x004F2411+2106385]
	Ordinal0 [0x005049C4+2181572]
	BaseThreadInitThunk [0x75A36359+25]
	RtlGetAppContainerNamedObjectPath [0x76FB8944+228]
	RtlGetAppContainerNamedObjectPath [0x76FB8914+180]

	at org.openqa.selenium.remote.W3CHandshakeResponse.lambda$new$0(W3CHandshakeResponse.java:57)
	at org.openqa.selenium.remote.W3CHandshakeResponse.lambda$getResponseFunction$2(W3CHandshakeResponse.java:104)
	at org.openqa.selenium.remote.ProtocolHandshake.lambda$createSession$0(ProtocolHandshake.java:123)
	at java.util.stream.ReferencePipeline$3$1.accept(Unknown Source)
	at java.util.Spliterators$ArraySpliterator.tryAdvance(Unknown Source)
	at java.util.stream.ReferencePipeline.forEachWithCancel(Unknown Source)
	at java.util.stream.AbstractPipeline.copyIntoWithCancel(Unknown Source)
	at java.util.stream.AbstractPipeline.copyInto(Unknown Source)
	at java.util.stream.AbstractPipeline.wrapAndCopyInto(Unknown Source)
	at java.util.stream.FindOps$FindOp.evaluateSequential(Unknown Source)
	at java.util.stream.AbstractPipeline.evaluate(Unknown Source)
	at java.util.stream.ReferencePipeline.findFirst(Unknown Source)
	at org.openqa.selenium.remote.ProtocolHandshake.createSession(ProtocolHandshake.java:126)
	at org.openqa.selenium.remote.ProtocolHandshake.createSession(ProtocolHandshake.java:73)
	at org.openqa.selenium.remote.HttpCommandExecutor.execute(HttpCommandExecutor.java:136)
	at org.openqa.selenium.remote.service.DriverCommandExecutor.execute(DriverCommandExecutor.java:83)
	at org.openqa.selenium.remote.RemoteWebDriver.execute(RemoteWebDriver.java:545)
	at org.openqa.selenium.remote.RemoteWebDriver.startSession(RemoteWebDriver.java:209)
	at org.openqa.selenium.remote.RemoteWebDriver.&lt;init&gt;(RemoteWebDriver.java:132)
	at org.openqa.selenium.chrome.ChromeDriver.&lt;init&gt;(ChromeDriver.java:181)
	at org.openqa.selenium.chrome.ChromeDriver.&lt;init&gt;(ChromeDriver.java:168)
	at org.openqa.selenium.chrome.ChromeDriver.&lt;init&gt;(ChromeDriver.java:123)
	at generics.BaseTest.openApp(BaseTest.java:18)
... Removed 32 stack frames</div></td></tr></table><p class="totop"><a href="#summary">back to summary</a></p>
</body>
</html>
