<?xml version="1.0" encoding="UTF-8"?>
<testng-results skipped="1" failed="0" ignored="1" total="2" passed="0">
  <reporter-output>
  </reporter-output>
  <suite name="Failed suite [Suite]" duration-ms="9004" started-at="2021-03-10T18:54:19Z" finished-at="2021-03-10T18:54:28Z">
    <groups>
    </groups>
    <test name="Test(failed)" duration-ms="9004" started-at="2021-03-10T18:54:19Z" finished-at="2021-03-10T18:54:28Z">
      <class name="tests.TestSampleFrameWork">
        <test-method status="FAIL" signature="openApp()[pri:0, instance:tests.TestSampleFrameWork@2bbf4b8b]" name="openApp" is-config="true" duration-ms="8697" started-at="2021-03-10T18:54:19Z" finished-at="2021-03-10T18:54:28Z">
          <exception class="org.openqa.selenium.SessionNotCreatedException">
            <message>
              <![CDATA[session not created: This version of ChromeDriver only supports Chrome version 85
Build info: version: '3.11.0', revision: 'e59cfb3', time: '2018-03-11T20:33:15.31Z'
System info: host: 'DESKTOP-9P1MDVM', ip: '192.168.44.87', os.name: 'Windows 10', os.arch: 'amd64', os.version: '10.0', java.version: '1.8.0_231'
Driver info: driver.version: ChromeDriver
remote stacktrace: Backtrace:
Ordinal0 [0x005ED383+3134339]
Ordinal0 [0x004DA171+2007409]
Ordinal0 [0x0037AEE8+569064]
Ordinal0 [0x0030139F+70559]
Ordinal0 [0x002FCC63+52323]
Ordinal0 [0x00320DFC+200188]
Ordinal0 [0x00320C1D+199709]
Ordinal0 [0x0031EB0B+191243]
Ordinal0 [0x00302E77+77431]
Ordinal0 [0x00303E3E+81470]
Ordinal0 [0x00303DC9+81353]
Ordinal0 [0x004F0CD9+2100441]
GetHandleVerifier [0x0075B75A+1396954]
GetHandleVerifier [0x0075B3D9+1396057]
GetHandleVerifier [0x00767126+1444518]
GetHandleVerifier [0x0075BCE8+1398376]
Ordinal0 [0x004E7F51+2064209]
Ordinal0 [0x004F22EB+2106091]
Ordinal0 [0x004F2411+2106385]
Ordinal0 [0x005049C4+2181572]
BaseThreadInitThunk [0x75A36359+25]
RtlGetAppContainerNamedObjectPath [0x76FB8944+228]
RtlGetAppContainerNamedObjectPath [0x76FB8914+180]
]]>
            </message>
            <full-stacktrace>
              <![CDATA[org.openqa.selenium.SessionNotCreatedException: session not created: This version of ChromeDriver only supports Chrome version 85
Build info: version: '3.11.0', revision: 'e59cfb3', time: '2018-03-11T20:33:15.31Z'
System info: host: 'DESKTOP-9P1MDVM', ip: '192.168.44.87', os.name: 'Windows 10', os.arch: 'amd64', os.version: '10.0', java.version: '1.8.0_231'
Driver info: driver.version: ChromeDriver
remote stacktrace: Backtrace:
Ordinal0 [0x005ED383+3134339]
Ordinal0 [0x004DA171+2007409]
Ordinal0 [0x0037AEE8+569064]
Ordinal0 [0x0030139F+70559]
Ordinal0 [0x002FCC63+52323]
Ordinal0 [0x00320DFC+200188]
Ordinal0 [0x00320C1D+199709]
Ordinal0 [0x0031EB0B+191243]
Ordinal0 [0x00302E77+77431]
Ordinal0 [0x00303E3E+81470]
Ordinal0 [0x00303DC9+81353]
Ordinal0 [0x004F0CD9+2100441]
GetHandleVerifier [0x0075B75A+1396954]
GetHandleVerifier [0x0075B3D9+1396057]
GetHandleVerifier [0x00767126+1444518]
GetHandleVerifier [0x0075BCE8+1398376]
Ordinal0 [0x004E7F51+2064209]
Ordinal0 [0x004F22EB+2106091]
Ordinal0 [0x004F2411+2106385]
Ordinal0 [0x005049C4+2181572]
BaseThreadInitThunk [0x75A36359+25]
RtlGetAppContainerNamedObjectPath [0x76FB8944+228]
RtlGetAppContainerNamedObjectPath [0x76FB8914+180]

at sun.reflect.NativeConstructorAccessorImpl.newInstance0(Native Method)
at sun.reflect.NativeConstructorAccessorImpl.newInstance(Unknown Source)
at sun.reflect.DelegatingConstructorAccessorImpl.newInstance(Unknown Source)
at java.lang.reflect.Constructor.newInstance(Unknown Source)
at org.openqa.selenium.remote.W3CHandshakeResponse.lambda$new$0(W3CHandshakeResponse.java:57)
at org.openqa.selenium.remote.W3CHandshakeResponse.lambda$getResponseFunction$2(W3CHandshakeResponse.java:104)
at org.openqa.selenium.remote.ProtocolHandshake.lambda$createSession$0(ProtocolHandshake.java:123)
at java.util.stream.ReferencePipeline$3$1.accept(Unknown Source)
at java.util.Spliterators$ArraySpliterator.tryAdvance(Unknown Source)
at java.util.stream.ReferencePipeline.forEachWithCancel(Unknown Source)
at java.util.stream.AbstractPipeline.copyIntoWithCancel(Unknown Source)
at java.util.stream.AbstractPipeline.copyInto(Unknown Source)
at java.util.stream.AbstractPipeline.wrapAndCopyInto(Unknown Source)
at java.util.stream.FindOps$FindOp.evaluateSequential(Unknown Source)
at java.util.stream.AbstractPipeline.evaluate(Unknown Source)
at java.util.stream.ReferencePipeline.findFirst(Unknown Source)
at org.openqa.selenium.remote.ProtocolHandshake.createSession(ProtocolHandshake.java:126)
at org.openqa.selenium.remote.ProtocolHandshake.createSession(ProtocolHandshake.java:73)
at org.openqa.selenium.remote.HttpCommandExecutor.execute(HttpCommandExecutor.java:136)
at org.openqa.selenium.remote.service.DriverCommandExecutor.execute(DriverCommandExecutor.java:83)
at org.openqa.selenium.remote.RemoteWebDriver.execute(RemoteWebDriver.java:545)
at org.openqa.selenium.remote.RemoteWebDriver.startSession(RemoteWebDriver.java:209)
at org.openqa.selenium.remote.RemoteWebDriver.<init>(RemoteWebDriver.java:132)
at org.openqa.selenium.chrome.ChromeDriver.<init>(ChromeDriver.java:181)
at org.openqa.selenium.chrome.ChromeDriver.<init>(ChromeDriver.java:168)
at org.openqa.selenium.chrome.ChromeDriver.<init>(ChromeDriver.java:123)
at generics.BaseTest.openApp(BaseTest.java:18)
at sun.reflect.NativeMethodAccessorImpl.invoke0(Native Method)
at sun.reflect.NativeMethodAccessorImpl.invoke(Unknown Source)
at sun.reflect.DelegatingMethodAccessorImpl.invoke(Unknown Source)
at java.lang.reflect.Method.invoke(Unknown Source)
at org.testng.internal.MethodInvocationHelper.invokeMethod(MethodInvocationHelper.java:124)
at org.testng.internal.MethodInvocationHelper.invokeMethodConsideringTimeout(MethodInvocationHelper.java:59)
at org.testng.internal.Invoker.invokeConfigurationMethod(Invoker.java:458)
at org.testng.internal.Invoker.invokeConfigurations(Invoker.java:222)
at org.testng.internal.Invoker.invokeMethod(Invoker.java:523)
at org.testng.internal.Invoker.invokeTestMethod(Invoker.java:719)
at org.testng.internal.Invoker.invokeTestMethods(Invoker.java:989)
at org.testng.internal.TestMethodWorker.invokeTestMethods(TestMethodWorker.java:125)
at org.testng.internal.TestMethodWorker.run(TestMethodWorker.java:109)
at org.testng.TestRunner.privateRun(TestRunner.java:648)
at org.testng.TestRunner.run(TestRunner.java:505)
at org.testng.SuiteRunner.runTest(SuiteRunner.java:455)
at org.testng.SuiteRunner.runSequentially(SuiteRunner.java:450)
at org.testng.SuiteRunner.privateRun(SuiteRunner.java:415)
at org.testng.SuiteRunner.run(SuiteRunner.java:364)
at org.testng.SuiteRunnerWorker.runSuite(SuiteRunnerWorker.java:52)
at org.testng.SuiteRunnerWorker.run(SuiteRunnerWorker.java:84)
at org.testng.TestNG.runSuitesSequentially(TestNG.java:1208)
at org.testng.TestNG.runSuitesLocally(TestNG.java:1137)
at org.testng.TestNG.runSuites(TestNG.java:1049)
at org.testng.TestNG.run(TestNG.java:1017)
at org.testng.remote.AbstractRemoteTestNG.run(AbstractRemoteTestNG.java:114)
at org.testng.remote.RemoteTestNG.initAndRun(RemoteTestNG.java:251)
at org.testng.remote.RemoteTestNG.main(RemoteTestNG.java:77)
]]>
            </full-stacktrace>
          </exception> <!-- org.openqa.selenium.SessionNotCreatedException -->
          <reporter-output>
          </reporter-output>
        </test-method> <!-- openApp -->
        <test-method status="SKIP" signature="submit()[pri:0, instance:tests.TestSampleFrameWork@2bbf4b8b]" name="submit" duration-ms="0" started-at="2021-03-10T18:54:28Z" finished-at="2021-03-10T18:54:28Z">
          <exception class="org.openqa.selenium.SessionNotCreatedException">
            <message>
              <![CDATA[session not created: This version of ChromeDriver only supports Chrome version 85
Build info: version: '3.11.0', revision: 'e59cfb3', time: '2018-03-11T20:33:15.31Z'
System info: host: 'DESKTOP-9P1MDVM', ip: '192.168.44.87', os.name: 'Windows 10', os.arch: 'amd64', os.version: '10.0', java.version: '1.8.0_231'
Driver info: driver.version: ChromeDriver
remote stacktrace: Backtrace:
Ordinal0 [0x005ED383+3134339]
Ordinal0 [0x004DA171+2007409]
Ordinal0 [0x0037AEE8+569064]
Ordinal0 [0x0030139F+70559]
Ordinal0 [0x002FCC63+52323]
Ordinal0 [0x00320DFC+200188]
Ordinal0 [0x00320C1D+199709]
Ordinal0 [0x0031EB0B+191243]
Ordinal0 [0x00302E77+77431]
Ordinal0 [0x00303E3E+81470]
Ordinal0 [0x00303DC9+81353]
Ordinal0 [0x004F0CD9+2100441]
GetHandleVerifier [0x0075B75A+1396954]
GetHandleVerifier [0x0075B3D9+1396057]
GetHandleVerifier [0x00767126+1444518]
GetHandleVerifier [0x0075BCE8+1398376]
Ordinal0 [0x004E7F51+2064209]
Ordinal0 [0x004F22EB+2106091]
Ordinal0 [0x004F2411+2106385]
Ordinal0 [0x005049C4+2181572]
BaseThreadInitThunk [0x75A36359+25]
RtlGetAppContainerNamedObjectPath [0x76FB8944+228]
RtlGetAppContainerNamedObjectPath [0x76FB8914+180]
]]>
            </message>
            <full-stacktrace>
              <![CDATA[org.openqa.selenium.SessionNotCreatedException: session not created: This version of ChromeDriver only supports Chrome version 85
Build info: version: '3.11.0', revision: 'e59cfb3', time: '2018-03-11T20:33:15.31Z'
System info: host: 'DESKTOP-9P1MDVM', ip: '192.168.44.87', os.name: 'Windows 10', os.arch: 'amd64', os.version: '10.0', java.version: '1.8.0_231'
Driver info: driver.version: ChromeDriver
remote stacktrace: Backtrace:
Ordinal0 [0x005ED383+3134339]
Ordinal0 [0x004DA171+2007409]
Ordinal0 [0x0037AEE8+569064]
Ordinal0 [0x0030139F+70559]
Ordinal0 [0x002FCC63+52323]
Ordinal0 [0x00320DFC+200188]
Ordinal0 [0x00320C1D+199709]
Ordinal0 [0x0031EB0B+191243]
Ordinal0 [0x00302E77+77431]
Ordinal0 [0x00303E3E+81470]
Ordinal0 [0x00303DC9+81353]
Ordinal0 [0x004F0CD9+2100441]
GetHandleVerifier [0x0075B75A+1396954]
GetHandleVerifier [0x0075B3D9+1396057]
GetHandleVerifier [0x00767126+1444518]
GetHandleVerifier [0x0075BCE8+1398376]
Ordinal0 [0x004E7F51+2064209]
Ordinal0 [0x004F22EB+2106091]
Ordinal0 [0x004F2411+2106385]
Ordinal0 [0x005049C4+2181572]
BaseThreadInitThunk [0x75A36359+25]
RtlGetAppContainerNamedObjectPath [0x76FB8944+228]
RtlGetAppContainerNamedObjectPath [0x76FB8914+180]

at sun.reflect.NativeConstructorAccessorImpl.newInstance0(Native Method)
at sun.reflect.NativeConstructorAccessorImpl.newInstance(Unknown Source)
at sun.reflect.DelegatingConstructorAccessorImpl.newInstance(Unknown Source)
at java.lang.reflect.Constructor.newInstance(Unknown Source)
at org.openqa.selenium.remote.W3CHandshakeResponse.lambda$new$0(W3CHandshakeResponse.java:57)
at org.openqa.selenium.remote.W3CHandshakeResponse.lambda$getResponseFunction$2(W3CHandshakeResponse.java:104)
at org.openqa.selenium.remote.ProtocolHandshake.lambda$createSession$0(ProtocolHandshake.java:123)
at java.util.stream.ReferencePipeline$3$1.accept(Unknown Source)
at java.util.Spliterators$ArraySpliterator.tryAdvance(Unknown Source)
at java.util.stream.ReferencePipeline.forEachWithCancel(Unknown Source)
at java.util.stream.AbstractPipeline.copyIntoWithCancel(Unknown Source)
at java.util.stream.AbstractPipeline.copyInto(Unknown Source)
at java.util.stream.AbstractPipeline.wrapAndCopyInto(Unknown Source)
at java.util.stream.FindOps$FindOp.evaluateSequential(Unknown Source)
at java.util.stream.AbstractPipeline.evaluate(Unknown Source)
at java.util.stream.ReferencePipeline.findFirst(Unknown Source)
at org.openqa.selenium.remote.ProtocolHandshake.createSession(ProtocolHandshake.java:126)
at org.openqa.selenium.remote.ProtocolHandshake.createSession(ProtocolHandshake.java:73)
at org.openqa.selenium.remote.HttpCommandExecutor.execute(HttpCommandExecutor.java:136)
at org.openqa.selenium.remote.service.DriverCommandExecutor.execute(DriverCommandExecutor.java:83)
at org.openqa.selenium.remote.RemoteWebDriver.execute(RemoteWebDriver.java:545)
at org.openqa.selenium.remote.RemoteWebDriver.startSession(RemoteWebDriver.java:209)
at org.openqa.selenium.remote.RemoteWebDriver.<init>(RemoteWebDriver.java:132)
at org.openqa.selenium.chrome.ChromeDriver.<init>(ChromeDriver.java:181)
at org.openqa.selenium.chrome.ChromeDriver.<init>(ChromeDriver.java:168)
at org.openqa.selenium.chrome.ChromeDriver.<init>(ChromeDriver.java:123)
at generics.BaseTest.openApp(BaseTest.java:18)
at sun.reflect.NativeMethodAccessorImpl.invoke0(Native Method)
at sun.reflect.NativeMethodAccessorImpl.invoke(Unknown Source)
at sun.reflect.DelegatingMethodAccessorImpl.invoke(Unknown Source)
at java.lang.reflect.Method.invoke(Unknown Source)
at org.testng.internal.MethodInvocationHelper.invokeMethod(MethodInvocationHelper.java:124)
at org.testng.internal.MethodInvocationHelper.invokeMethodConsideringTimeout(MethodInvocationHelper.java:59)
at org.testng.internal.Invoker.invokeConfigurationMethod(Invoker.java:458)
at org.testng.internal.Invoker.invokeConfigurations(Invoker.java:222)
at org.testng.internal.Invoker.invokeMethod(Invoker.java:523)
at org.testng.internal.Invoker.invokeTestMethod(Invoker.java:719)
at org.testng.internal.Invoker.invokeTestMethods(Invoker.java:989)
at org.testng.internal.TestMethodWorker.invokeTestMethods(TestMethodWorker.java:125)
at org.testng.internal.TestMethodWorker.run(TestMethodWorker.java:109)
at org.testng.TestRunner.privateRun(TestRunner.java:648)
at org.testng.TestRunner.run(TestRunner.java:505)
at org.testng.SuiteRunner.runTest(SuiteRunner.java:455)
at org.testng.SuiteRunner.runSequentially(SuiteRunner.java:450)
at org.testng.SuiteRunner.privateRun(SuiteRunner.java:415)
at org.testng.SuiteRunner.run(SuiteRunner.java:364)
at org.testng.SuiteRunnerWorker.runSuite(SuiteRunnerWorker.java:52)
at org.testng.SuiteRunnerWorker.run(SuiteRunnerWorker.java:84)
at org.testng.TestNG.runSuitesSequentially(TestNG.java:1208)
at org.testng.TestNG.runSuitesLocally(TestNG.java:1137)
at org.testng.TestNG.runSuites(TestNG.java:1049)
at org.testng.TestNG.run(TestNG.java:1017)
at org.testng.remote.AbstractRemoteTestNG.run(AbstractRemoteTestNG.java:114)
at org.testng.remote.RemoteTestNG.initAndRun(RemoteTestNG.java:251)
at org.testng.remote.RemoteTestNG.main(RemoteTestNG.java:77)
]]>
            </full-stacktrace>
          </exception> <!-- org.openqa.selenium.SessionNotCreatedException -->
          <reporter-output>
          </reporter-output>
        </test-method> <!-- submit -->
        <test-method status="SKIP" signature="closeApp()[pri:0, instance:tests.TestSampleFrameWork@2bbf4b8b]" name="closeApp" is-config="true" duration-ms="0" started-at="2021-03-10T18:54:28Z" finished-at="2021-03-10T18:54:28Z">
          <reporter-output>
          </reporter-output>
        </test-method> <!-- closeApp -->
      </class> <!-- tests.TestSampleFrameWork -->
    </test> <!-- Test(failed) -->
  </suite> <!-- Failed suite [Suite] -->
</testng-results>
